library/build/outputs/logs/manifest-merger-debug-report.txt
-- Merging decision tree log ---
manifest
ADDED from src\main\AndroidManifest.xml:1:1-10:12
INJECTED from src\main\AndroidManifest.xml:1:1-10:12
INJECTED from src\main\AndroidManifest.xml:1:1-10:12
INJECTED from src\main\AndroidManifest.xml:1:1-10:12
INJECTED from src\main\AndroidManifest.xml:1:1-10:12
INJECTED from src\main\AndroidManifest.xml:1:1-10:12
INJECTED from src\main\AndroidManifest.xml:1:1-10:12
	package
		ADDED from src\main\AndroidManifest.xml:2:11-39
		INJECTED from src\main\AndroidManifest.xml
		INJECTED from src\main\AndroidManifest.xml
	android:versionName
		INJECTED from src\main\AndroidManifest.xml
		ADDED from src\main\AndroidManifest.xml:1:1-10:12
		INJECTED from src\main\AndroidManifest.xml
	android:versionCode
		INJECTED from src\main\AndroidManifest.xml
		ADDED from src\main\AndroidManifest.xml:1:1-10:12
		INJECTED from src\main\AndroidManifest.xml
	xmlns:android
		ADDED from src\main\AndroidManifest.xml:1:11-69
uses-permission#android.permission.SYSTEM_ALERT_WINDOW
ADDED from src\main\AndroidManifest.xml:4:5-78
	android:name
		ADDED from src\main\AndroidManifest.xml:4:22-75
uses-permission#android.permission.GET_TASKS
ADDED from src\main\AndroidManifest.xml:5:5-68
	android:name
		ADDED from src\main\AndroidManifest.xml:5:22-65
application
ADDED from src\main\AndroidManifest.xml:7:5-9:19
service#org.arxing.library.AssistiveService
ADDED from src\main\AndroidManifest.xml:8:9-52
	android:name
		ADDED from src\main\AndroidManifest.xml:8:18-50
uses-sdk
INJECTED from src\main\AndroidManifest.xml reason: use-sdk injection requested
INJECTED from src\main\AndroidManifest.xml
INJECTED from src\main\AndroidManifest.xml
INJECTED from src\main\AndroidManifest.xml
INJECTED from src\main\AndroidManifest.xml
	android:targetSdkVersion
		INJECTED from src\main\AndroidManifest.xml
		ADDED from src\main\AndroidManifest.xml
		INJECTED from src\main\AndroidManifest.xml
	android:minSdkVersion
		INJECTED from src\main\AndroidManifest.xml
		ADDED from src\main\AndroidManifest.xml
		INJECTED from src\main\AndroidManifest.xml